[2025-05-27T13:36:29.275+0000] {taskinstance.py:1157} INFO - Dependencies all met for dep_context=non-requeueable deps ti=<TaskInstance: dag_afficher_todo.requete_todo scheduled__2025-05-27T00:00:00+00:00 [queued]>
[2025-05-27T13:36:29.278+0000] {taskinstance.py:1157} INFO - Dependencies all met for dep_context=requeueable deps ti=<TaskInstance: dag_afficher_todo.requete_todo scheduled__2025-05-27T00:00:00+00:00 [queued]>
[2025-05-27T13:36:29.279+0000] {taskinstance.py:1359} INFO - Starting attempt 1 of 6
[2025-05-27T13:36:29.284+0000] {taskinstance.py:1380} INFO - Executing <Task(SimpleHttpOperator): requete_todo> on 2025-05-27 00:00:00+00:00
[2025-05-27T13:36:29.287+0000] {standard_task_runner.py:57} INFO - Started process 2782 to run task
[2025-05-27T13:36:29.289+0000] {standard_task_runner.py:84} INFO - Running: ['***', 'tasks', 'run', 'dag_afficher_todo', 'requete_todo', 'scheduled__2025-05-27T00:00:00+00:00', '--job-id', '922', '--raw', '--subdir', 'DAGS_FOLDER/dag_request_jsonplaceholder.py', '--cfg-path', '/tmp/tmpvv7itmlv']
[2025-05-27T13:36:29.290+0000] {standard_task_runner.py:85} INFO - Job 922: Subtask requete_todo
[2025-05-27T13:36:29.296+0000] {logging_mixin.py:151} WARNING - /home/***/.local/lib/python3.8/site-packages/***/settings.py:195 DeprecationWarning: The sql_alchemy_conn option in [core] has been moved to the sql_alchemy_conn option in [database] - the old setting has been used, but please update your config.
[2025-05-27T13:36:29.309+0000] {task_command.py:415} INFO - Running <TaskInstance: dag_afficher_todo.requete_todo scheduled__2025-05-27T00:00:00+00:00 [running]> on host 7a6f026dd9d9
[2025-05-27T13:36:29.341+0000] {taskinstance.py:1660} INFO - Exporting env vars: AIRFLOW_CTX_DAG_OWNER='sirtaf' AIRFLOW_CTX_DAG_ID='dag_afficher_todo' AIRFLOW_CTX_TASK_ID='requete_todo' AIRFLOW_CTX_EXECUTION_DATE='2025-05-27T00:00:00+00:00' AIRFLOW_CTX_TRY_NUMBER='1' AIRFLOW_CTX_DAG_RUN_ID='scheduled__2025-05-27T00:00:00+00:00'
[2025-05-27T13:36:29.341+0000] {http.py:143} INFO - Calling HTTP method
[2025-05-27T13:36:29.344+0000] {base.py:73} INFO - Using connection ID 'jsonplaceholder' for task execution.
[2025-05-27T13:36:29.391+0000] {http.py:153} INFO - {
  "userId": 1,
  "id": 1,
  "title": "delectus aut autem",
  "completed": false
}
[2025-05-27T13:36:29.392+0000] {logging_mixin.py:151} INFO - Réponse reçue : {'userId': 1, 'id': 1, 'title': 'delectus aut autem', 'completed': False}
[2025-05-27T13:36:29.402+0000] {taskinstance.py:1398} INFO - Marking task as SUCCESS. dag_id=dag_afficher_todo, task_id=requete_todo, execution_date=20250527T000000, start_date=20250527T133629, end_date=20250527T133629
[2025-05-27T13:36:29.427+0000] {local_task_job_runner.py:228} INFO - Task exited with return code 0
[2025-05-27T13:36:29.435+0000] {taskinstance.py:2776} INFO - 0 downstream tasks scheduled from follow-on schedule check
